<?xml version="1.0" encoding="UTF-8"?>
<!-- Generated by org.testng.reporters.JUnitReportReporter -->
<testsuite skipped="0" hostname="DESKTOP-EFHRMIG" name="com.training.sanity.tests.DeleteCategory_01" tests="1" failures="0" timestamp="2020-07-02T11:41:15 IST" time="36.284" errors="0">
  <testcase name="deleteCategory" time="36.284" classname="com.training.sanity.tests.DeleteCategory_01"/>
  <system-out/>
</testsuite> <!-- com.training.sanity.tests.DeleteCategory_01 -->
