<?xml version="1.0" encoding="UTF-8"?>
<!-- Generated by org.testng.reporters.JUnitReportReporter -->
<testsuite skipped="0" hostname="DESKTOP-EFHRMIG" name="com.training.sanity.tests.DeleteTag" tests="1" failures="0" timestamp="2020-06-30T07:31:57 IST" time="35.851" errors="0">
  <testcase name="deleteTag" time="35.851" classname="com.training.sanity.tests.DeleteTag"/>
  <system-out/>
</testsuite> <!-- com.training.sanity.tests.DeleteTag -->
