<?xml version="1.0" encoding="UTF-8"?>
<!-- Generated by org.testng.reporters.JUnitReportReporter -->
<testsuite skipped="0" hostname="DESKTOP-EFHRMIG" name="com.training.regression.tests.LoginDBTest" tests="2" failures="0" timestamp="2020-07-24T01:01:25 IST" time="42.987" errors="0">
  <testcase name="loginDBTest" time="18.229" classname="com.training.regression.tests.LoginDBTest"/>
  <system-out/>
  <testcase name="loginDBTest" time="24.758" classname="com.training.regression.tests.LoginDBTest"/>
  <system-out/>
</testsuite> <!-- com.training.regression.tests.LoginDBTest -->
