<?xml version="1.0" encoding="UTF-8"?>
<!-- Generated by org.testng.reporters.JUnitReportReporter -->
<testsuite skipped="0" hostname="DESKTOP-EFHRMIG" name="com.training.sanity.tests.MoveToTrash_02" tests="1" failures="0" timestamp="2020-07-15T01:26:25 IST" time="46.740" errors="0">
  <testcase name="moveToTrash" time="46.740" classname="com.training.sanity.tests.MoveToTrash_02"/>
  <system-out/>
</testsuite> <!-- com.training.sanity.tests.MoveToTrash_02 -->
