<?xml version="1.0" encoding="UTF-8"?>
<!-- Generated by org.testng.reporters.JUnitReportReporter -->
<testsuite skipped="0" hostname="DESKTOP-EFHRMIG" name="com.training.sanity.tests.AddTag" tests="1" failures="0" timestamp="2020-06-30T09:09:27 IST" time="36.882" errors="0">
  <testcase name="addTag" time="36.882" classname="com.training.sanity.tests.AddTag"/>
  <system-out/>
</testsuite> <!-- com.training.sanity.tests.AddTag -->
