<?xml version="1.0" encoding="UTF-8"?>
<!-- Generated by org.testng.reporters.JUnitReportReporter -->
<testsuite skipped="0" hostname="DESKTOP-EFHRMIG" name="com.training.sanity.tests.AddTag_01" tests="1" failures="0" timestamp="2020-07-02T08:09:29 IST" time="37.405" errors="0">
  <testcase name="addTag" time="37.405" classname="com.training.sanity.tests.AddTag_01"/>
  <system-out/>
</testsuite> <!-- com.training.sanity.tests.AddTag_01 -->
