<?xml version="1.0" encoding="UTF-8"?>
<!-- Generated by org.testng.reporters.JUnitReportReporter -->
<testsuite skipped="0" hostname="DESKTOP-EFHRMIG" name="com.training.sanity.tests.AddNewProperty_03" tests="1" failures="0" timestamp="2020-07-23T00:50:40 IST" time="72.802" errors="0">
  <testcase name="addNewProperty" time="72.802" classname="com.training.sanity.tests.AddNewProperty_03"/>
  <system-out/>
</testsuite> <!-- com.training.sanity.tests.AddNewProperty_03 -->
