<?xml version="1.0" encoding="UTF-8"?>
<!-- Generated by org.testng.reporters.JUnitReportReporter -->
<testsuite skipped="0" hostname="DESKTOP-EFHRMIG" name="com.training.sanity.tests.DeleteCategory" tests="1" failures="0" timestamp="2020-06-30T01:33:09 IST" time="35.680" errors="0">
  <testcase name="deleteCategory" time="35.680" classname="com.training.sanity.tests.DeleteCategory"/>
  <system-out/>
</testsuite> <!-- com.training.sanity.tests.DeleteCategory -->
