<?xml version="1.0" encoding="UTF-8"?>
<!-- Generated by org.testng.reporters.JUnitReportReporter -->
<testsuite skipped="0" hostname="DESKTOP-EFHRMIG" name="com.training.sanity.tests.RestoreFromTrash_02" tests="1" failures="0" timestamp="2020-07-06T08:07:47 IST" time="33.107" errors="0">
  <testcase name="restoreFromTrash" time="33.107" classname="com.training.sanity.tests.RestoreFromTrash_02"/>
  <system-out/>
</testsuite> <!-- com.training.sanity.tests.RestoreFromTrash_02 -->
