<?xml version="1.0" encoding="UTF-8"?>
<!-- Generated by org.testng.reporters.JUnitReportReporter -->
<testsuite skipped="0" hostname="DESKTOP-EFHRMIG" name="com.training.sanity.tests.LoginTests" tests="1" failures="0" timestamp="2020-06-29T22:13:10 IST" time="22.662" errors="0">
  <testcase name="validLoginTest" time="22.662" classname="com.training.sanity.tests.LoginTests"/>
  <system-out/>
</testsuite> <!-- com.training.sanity.tests.LoginTests -->
