<?xml version="1.0" encoding="UTF-8"?>
<!-- Generated by org.testng.reporters.JUnitReportReporter -->
<testsuite skipped="0" hostname="DESKTOP-EFHRMIG" name="com.training.sanity.tests.DeleteTag_01" tests="1" failures="0" timestamp="2020-07-02T11:43:16 IST" time="33.799" errors="0">
  <testcase name="deleteTag" time="33.799" classname="com.training.sanity.tests.DeleteTag_01"/>
  <system-out/>
</testsuite> <!-- com.training.sanity.tests.DeleteTag_01 -->
