<?xml version="1.0" encoding="UTF-8"?>
<!-- Generated by org.testng.reporters.JUnitReportReporter -->
<testsuite skipped="0" hostname="DESKTOP-EFHRMIG" name="com.training.sanity.tests.AddMultipleFeatures_XL_03" tests="3" failures="0" timestamp="2020-07-09T11:24:26 IST" time="13.205" errors="0">
  <testcase name="addFeatures" time="4.075" classname="com.training.sanity.tests.AddMultipleFeatures_XL_03"/>
  <system-out/>
  <testcase name="addFeatures" time="3.821" classname="com.training.sanity.tests.AddMultipleFeatures_XL_03"/>
  <system-out/>
  <testcase name="addFeatures" time="5.309" classname="com.training.sanity.tests.AddMultipleFeatures_XL_03"/>
  <system-out/>
</testsuite> <!-- com.training.sanity.tests.AddMultipleFeatures_XL_03 -->
